<?xml version="1.0" encoding="UTF-8"?>
<!-- Generated by org.testng.reporters.JUnitXMLReporter -->
<testsuite hostname="DESKTOP-8SE8GSP" ignored="0" name="Home page Testcases" tests="10" failures="1" timestamp="16 Apr 2020 18:14:40 GMT" time="407.965" errors="0">
  <testcase name="goToTasksPage" time="3.08" classname="com.insightly.qa.testcases.HomePageTest"/>
  <testcase name="goToContactsPage" time="4.288" classname="com.insightly.qa.testcases.HomePageTest"/>
  <testcase name="goToOrganisationsPage" time="2.731" classname="com.insightly.qa.testcases.HomePageTest"/>
  <testcase name="goToLeadsPage" time="3.89" classname="com.insightly.qa.testcases.HomePageTest"/>
  <testcase name="goToOpportunitiesPage" time="1.83" classname="com.insightly.qa.testcases.HomePageTest">
    <failure type="java.lang.AssertionError" message="expected [Opportunities - Insightly] but found [Insightly]">
      <![CDATA[java.lang.AssertionError: expected [Opportunities - Insightly] but found [Insightly]
at com.insightly.qa.testcases.HomePageTest.goToOpportunitiesPage(HomePageTest.java:61)
... Removed 32 stack frames]]>
    </failure>
  </testcase> <!-- goToOpportunitiesPage -->
  <testcase name="goToProjectsPage" time="3.064" classname="com.insightly.qa.testcases.HomePageTest"/>
  <testcase name="goToEmailsPage" time="2.972" classname="com.insightly.qa.testcases.HomePageTest"/>
  <testcase name="goToCalendersPage" time="3.258" classname="com.insightly.qa.testcases.HomePageTest"/>
  <testcase name="goToDashboardsPage" time="3.319" classname="com.insightly.qa.testcases.HomePageTest"/>
  <testcase name="goToReportsPage" time="2.904" classname="com.insightly.qa.testcases.HomePageTest"/>
</testsuite> <!-- Home page Testcases -->
